<?xml version="1.0" encoding="UTF-8"?>
<!-- Generated by org.testng.reporters.JUnitXMLReporter -->
<testsuite ignored="0" hostname="DESKTOP-IUV5H0M" failures="0" tests="3" name="Test" time="201.991" errors="0" timestamp="2023-02-16T09:41:06 IST">
  <testcase classname="com.bankingproject.loginpage.LoginPageTest" name="@BeforeClass setUp" time="201.503">
    <failure type="java.lang.NullPointerException" message="Cannot invoke &amp;quot;org.openqa.selenium.WebDriver.get(String)&amp;quot; because &amp;quot;com.bankingproject.base.BaseClass.driver&amp;quot; is null">
      <![CDATA[java.lang.NullPointerException: Cannot invoke "org.openqa.selenium.WebDriver.get(String)" because "com.bankingproject.base.BaseClass.driver" is null
at com.bankingproject.base.BaseClass.launchwebsite(BaseClass.java:54)
at com.bankingproject.loginpage.LoginPageTest.setUp(LoginPageTest.java:43)
at java.base/java.util.ArrayList.forEach(ArrayList.java:1511)
... Removed 23 stack frames]]>
    </failure>
  </testcase> <!-- @BeforeClass setUp -->
  <testcase classname="com.bankingproject.loginpage.LoginPageTest" name="@AfterClass tearDown" time="-1.676520664907E9">
    <skipped/>
  </testcase> <!-- @AfterClass tearDown -->
  <testcase classname="com.bankingproject.loginpage.LoginPageTest" name="clickloginWithCorrect" time="0.0">
    <skipped/>
  </testcase> <!-- clickloginWithCorrect -->
  <testcase classname="com.bankingproject.loginpage.LoginPageTest" name="testTitle" time="0.0">
    <skipped/>
  </testcase> <!-- testTitle -->
  <testcase classname="com.bankingproject.loginpage.LoginPageTest" name="testUrl" time="0.0">
    <skipped/>
  </testcase> <!-- testUrl -->
</testsuite> <!-- Test -->
