<?xml version="1.0" encoding="UTF-8"?>
<testng-results ignored="0" total="1" passed="1" failed="0" skipped="0">
  <reporter-output>
  </reporter-output>
  <suite started-at="2023-01-21T10:33:56 IST" name="Default suite" finished-at="2023-01-21T10:36:00 IST" duration-ms="124247">
    <groups>
    </groups>
    <test started-at="2023-01-21T10:33:56 IST" name="Default test" finished-at="2023-01-21T10:36:00 IST" duration-ms="124247">
      <class name="com.bankingproject.loginpage.LoginPageTest">
        <test-method is-config="true" signature="setUp()[pri:0, instance:com.bankingproject.loginpage.LoginPageTest@43195e57]" started-at="2023-01-21T10:33:56 IST" name="setUp" finished-at="2023-01-21T10:35:36 IST" duration-ms="99997" status="PASS">
          <reporter-output>
          </reporter-output>
        </test-method> <!-- setUp -->
        <test-method signature="testTitle()[pri:0, instance:com.bankingproject.loginpage.LoginPageTest@43195e57]" started-at="2023-01-21T10:35:36 IST" name="testTitle" finished-at="2023-01-21T10:35:40 IST" duration-ms="3718" status="PASS">
          <reporter-output>
          </reporter-output>
        </test-method> <!-- testTitle -->
        <test-method is-config="true" signature="tearDown()[pri:0, instance:com.bankingproject.loginpage.LoginPageTest@43195e57]" started-at="2023-01-21T10:35:40 IST" name="tearDown" finished-at="2023-01-21T10:36:00 IST" duration-ms="20174" status="PASS">
          <reporter-output>
          </reporter-output>
        </test-method> <!-- tearDown -->
      </class> <!-- com.bankingproject.loginpage.LoginPageTest -->
    </test> <!-- Default test -->
  </suite> <!-- Default suite -->
</testng-results>
